Using pre-set license
Built from '2020.3/staging' branch; Version is '2020.3.10f1 (297d780c91bc) revision 2719096'; Using compiler version '192528614'; Build Type 'Release'
OS: 'Windows 10 Education; OS build 19042.1165; Version 2009; 64bit' Language: 'pl' Physical Memory: 8067 MB
BatchMode: 1, IsHumanControllingUs: 0, StartBugReporterOnCrash: 0, Is64bit: 1, IsPro: 0

 COMMAND LINE ARGUMENTS:
C:\Program Files\Unity\Hub\Editor\2020.3.10f1\Editor\Unity.exe
-adb2
-batchMode
-noUpm
-name
AssetImportWorker0
-projectPath
C:/Users/Kacper/Desktop/nie patrzeć/nie patrzeć (9)/FanF2_3D/FnaF2_Ver3/FNaF 2 Ver 3d
-logFile
Logs/AssetImportWorker0.log
-srvPort
56777
Successfully changed project path to: C:/Users/Kacper/Desktop/nie patrzeć/nie patrzeć (9)/FanF2_3D/FnaF2_Ver3/FNaF 2 Ver 3d
C:/Users/Kacper/Desktop/nie patrzeć/nie patrzeć (9)/FanF2_3D/FnaF2_Ver3/FNaF 2 Ver 3d
Using Asset Import Pipeline V2.
Refreshing native plugins compatible for Editor in 55.22 ms, found 2 plugins.
Preloading 0 native plugins for Editor in 0.00 ms.
Initialize engine version: 2020.3.10f1 (297d780c91bc)
[Subsystems] Discovering subsystems at path C:/Program Files/Unity/Hub/Editor/2020.3.10f1/Editor/Data/Resources/UnitySubsystems
[Subsystems] Discovering subsystems at path C:/Users/Kacper/Desktop/nie patrzeć/nie patrzeć (9)/FanF2_3D/FnaF2_Ver3/FNaF 2 Ver 3d/Assets
GfxDevice: creating device client; threaded=0
Direct3D:
    Version:  Direct3D 11.0 [level 11.1]
    Renderer: AMD Radeon(TM) RX 560 (ID=0x67ef)
    Vendor:   
    VRAM:     4075 MB
    Driver:   27.20.14535.1000
Initialize mono
Mono path[0] = 'C:/Program Files/Unity/Hub/Editor/2020.3.10f1/Editor/Data/Managed'
Mono path[1] = 'C:/Program Files/Unity/Hub/Editor/2020.3.10f1/Editor/Data/MonoBleedingEdge/lib/mono/unityjit'
Mono config path = 'C:/Program Files/Unity/Hub/Editor/2020.3.10f1/Editor/Data/MonoBleedingEdge/etc'
Using monoOptions --debugger-agent=transport=dt_socket,embedding=1,server=y,suspend=n,address=127.0.0.1:56064
Begin MonoManager ReloadAssembly
Registering precompiled unity dll's ...
Register platform support module: C:/Program Files/Unity/Hub/Editor/2020.3.10f1/Editor/Data/PlaybackEngines/WebGLSupport/UnityEditor.WebGL.Extensions.dll
Register platform support module: C:/Program Files/Unity/Hub/Editor/2020.3.10f1/Editor/Data/PlaybackEngines/WindowsStandaloneSupport/UnityEditor.WindowsStandalone.Extensions.dll
Registered in 0.003702 seconds.
Native extension for WindowsStandalone target not found
Native extension for WebGL target not found
Refreshing native plugins compatible for Editor in 30.90 ms, found 2 plugins.
Preloading 0 native plugins for Editor in 0.00 ms.
Mono: successfully reloaded assembly
- Completed reload, in  2.770 seconds
Platform modules already initialized, skipping
Registering precompiled user dll's ...
Registered in 0.023845 seconds.
Begin MonoManager ReloadAssembly
Native extension for WindowsStandalone target not found
Native extension for WebGL target not found
Refreshing native plugins compatible for Editor in 0.31 ms, found 2 plugins.
Preloading 0 native plugins for Editor in 0.00 ms.
Mono: successfully reloaded assembly
- Completed reload, in  1.710 seconds
Platform modules already initialized, skipping
========================================================================
Worker process is ready to serve import requests
Launched and connected shader compiler UnityShaderCompiler.exe after 0.11 seconds
Refreshing native plugins compatible for Editor in 0.30 ms, found 2 plugins.
Preloading 0 native plugins for Editor in 0.00 ms.
Unloading 1396 Unused Serialized files (Serialized files now loaded: 0)
System memory in use before: 65.5 MB.
System memory in use after: 65.5 MB.

Unloading 19 unused Assets to reduce memory usage. Loaded Objects now: 1829.
Total: 3.378400 ms (FindLiveObjects: 0.155700 ms CreateObjectMapping: 0.052300 ms MarkObjects: 3.033600 ms  DeleteObjects: 0.135100 ms)

========================================================================
Received Import Request.
  path: Assets/Dynia.json
  artifactKey: Guid(d3ee059f3a1848c4f90eaaf419e8a3e2) Importer(815301076,1909f56bfc062723c751e8b465ee728b)
Start importing Assets/Dynia.json using Guid(d3ee059f3a1848c4f90eaaf419e8a3e2) Importer(815301076,1909f56bfc062723c751e8b465ee728b)  -> (artifact id: '3c6598743ef33f2a9fefb8819c3eba1b') in 0.082041 seconds
  Import took 0.084936 seconds .

========================================================================
Received Prepare
Registering precompiled user dll's ...
Registered in 0.015442 seconds.
Begin MonoManager ReloadAssembly
Native extension for WindowsStandalone target not found
Native extension for WebGL target not found
Refreshing native plugins compatible for Editor in 2.87 ms, found 2 plugins.
Preloading 0 native plugins for Editor in 0.00 ms.
Mono: successfully reloaded assembly
- Completed reload, in  5.449 seconds
Platform modules already initialized, skipping
Refreshing native plugins compatible for Editor in 0.58 ms, found 2 plugins.
Preloading 0 native plugins for Editor in 0.00 ms.
Unloading 1391 Unused Serialized files (Serialized files now loaded: 0)
System memory in use before: 65.4 MB.
System memory in use after: 65.5 MB.

Unloading 14 unused Assets to reduce memory usage. Loaded Objects now: 1832.
Total: 2.653300 ms (FindLiveObjects: 0.216600 ms CreateObjectMapping: 0.064500 ms MarkObjects: 2.303400 ms  DeleteObjects: 0.067000 ms)

========================================================================
Received Prepare
Registering precompiled user dll's ...
Registered in 0.019468 seconds.
Begin MonoManager ReloadAssembly
Native extension for WindowsStandalone target not found
Native extension for WebGL target not found
Refreshing native plugins compatible for Editor in 0.32 ms, found 2 plugins.
Preloading 0 native plugins for Editor in 0.00 ms.
Mono: successfully reloaded assembly
- Completed reload, in  1.721 seconds
Platform modules already initialized, skipping
Refreshing native plugins compatible for Editor in 0.31 ms, found 2 plugins.
Preloading 0 native plugins for Editor in 0.00 ms.
Unloading 1391 Unused Serialized files (Serialized files now loaded: 0)
System memory in use before: 65.4 MB.
System memory in use after: 65.5 MB.

Unloading 14 unused Assets to reduce memory usage. Loaded Objects now: 1835.
Total: 2.073000 ms (FindLiveObjects: 0.138300 ms CreateObjectMapping: 0.045000 ms MarkObjects: 1.762700 ms  DeleteObjects: 0.125800 ms)

========================================================================
Received Import Request.
  Time since last request: 29.980107 seconds.
  path: Assets/Dynia.json
  artifactKey: Guid(d3ee059f3a1848c4f90eaaf419e8a3e2) Importer(815301076,1909f56bfc062723c751e8b465ee728b)
Start importing Assets/Dynia.json using Guid(d3ee059f3a1848c4f90eaaf419e8a3e2) Importer(815301076,1909f56bfc062723c751e8b465ee728b)  -> (artifact id: '69ce3679016bf82ed1f4f0f0fe0b9e12') in 0.026444 seconds
  Import took 0.030462 seconds .

========================================================================
Received Import Request.
  Time since last request: 124.800062 seconds.
  path: Assets/Dynia.json
  artifactKey: Guid(d3ee059f3a1848c4f90eaaf419e8a3e2) Importer(815301076,1909f56bfc062723c751e8b465ee728b)
Start importing Assets/Dynia.json using Guid(d3ee059f3a1848c4f90eaaf419e8a3e2) Importer(815301076,1909f56bfc062723c751e8b465ee728b)  -> (artifact id: 'bc704209add56d29c9c490db72cded23') in 0.019967 seconds
  Import took 0.026333 seconds .

========================================================================
Received Import Request.
  Time since last request: 25.208652 seconds.
  path: Assets/Dynia.json
  artifactKey: Guid(d3ee059f3a1848c4f90eaaf419e8a3e2) Importer(815301076,1909f56bfc062723c751e8b465ee728b)
Start importing Assets/Dynia.json using Guid(d3ee059f3a1848c4f90eaaf419e8a3e2) Importer(815301076,1909f56bfc062723c751e8b465ee728b)  -> (artifact id: 'ad6e4568bda1a97aa90aafbaceb71813') in 0.025844 seconds
  Import took 0.043823 seconds .

========================================================================
Received Import Request.
  Time since last request: 4.654623 seconds.
  path: Assets/NavMeshComponents
  artifactKey: Guid(d751be3e44f6ecf4aaf438f985d33488) Importer(815301076,1909f56bfc062723c751e8b465ee728b)
Start importing Assets/NavMeshComponents using Guid(d751be3e44f6ecf4aaf438f985d33488) Importer(815301076,1909f56bfc062723c751e8b465ee728b)  -> (artifact id: '8497170cdd774fccbb3eb91693dad933') in 0.160376 seconds
  Import took 0.170650 seconds .

========================================================================
Received Prepare
Registering precompiled user dll's ...
Registered in 0.016539 seconds.
Begin MonoManager ReloadAssembly
Native extension for WindowsStandalone target not found
Native extension for WebGL target not found
Refreshing native plugins compatible for Editor in 0.33 ms, found 2 plugins.
Preloading 0 native plugins for Editor in 0.00 ms.
Mono: successfully reloaded assembly
- Completed reload, in  2.291 seconds
Platform modules already initialized, skipping
Refreshing native plugins compatible for Editor in 0.33 ms, found 2 plugins.
Preloading 0 native plugins for Editor in 0.00 ms.
Unloading 1391 Unused Serialized files (Serialized files now loaded: 0)
System memory in use before: 65.5 MB.
System memory in use after: 65.5 MB.

Unloading 14 unused Assets to reduce memory usage. Loaded Objects now: 1838.
Total: 1.943600 ms (FindLiveObjects: 0.152400 ms CreateObjectMapping: 0.050300 ms MarkObjects: 1.677600 ms  DeleteObjects: 0.061900 ms)

========================================================================
Received Prepare
Registering precompiled user dll's ...
Registered in 0.015512 seconds.
Begin MonoManager ReloadAssembly
Native extension for WindowsStandalone target not found
Native extension for WebGL target not found
Refreshing native plugins compatible for Editor in 0.33 ms, found 2 plugins.
Preloading 0 native plugins for Editor in 0.00 ms.
Mono: successfully reloaded assembly
- Completed reload, in  1.941 seconds
Platform modules already initialized, skipping
Refreshing native plugins compatible for Editor in 0.39 ms, found 2 plugins.
Preloading 0 native plugins for Editor in 0.00 ms.
Unloading 1391 Unused Serialized files (Serialized files now loaded: 0)
System memory in use before: 65.5 MB.
System memory in use after: 65.5 MB.

Unloading 14 unused Assets to reduce memory usage. Loaded Objects now: 1841.
Total: 2.984000 ms (FindLiveObjects: 0.180800 ms CreateObjectMapping: 0.048500 ms MarkObjects: 2.681100 ms  DeleteObjects: 0.072000 ms)

========================================================================
Received Prepare
Registering precompiled user dll's ...
Registered in 0.044260 seconds.
Begin MonoManager ReloadAssembly
Native extension for WindowsStandalone target not found
Native extension for WebGL target not found
Refreshing native plugins compatible for Editor in 0.30 ms, found 2 plugins.
Preloading 0 native plugins for Editor in 0.00 ms.
Mono: successfully reloaded assembly
- Completed reload, in  1.440 seconds
Platform modules already initialized, skipping
Refreshing native plugins compatible for Editor in 0.32 ms, found 2 plugins.
Preloading 0 native plugins for Editor in 0.00 ms.
Unloading 1391 Unused Serialized files (Serialized files now loaded: 0)
System memory in use before: 65.5 MB.
System memory in use after: 65.5 MB.

Unloading 14 unused Assets to reduce memory usage. Loaded Objects now: 1844.
Total: 2.192300 ms (FindLiveObjects: 0.185500 ms CreateObjectMapping: 0.050600 ms MarkObjects: 1.868200 ms  DeleteObjects: 0.086900 ms)

========================================================================
Received Prepare
Registering precompiled user dll's ...
Registered in 0.021306 seconds.
Begin MonoManager ReloadAssembly
Native extension for WindowsStandalone target not found
Native extension for WebGL target not found
Refreshing native plugins compatible for Editor in 0.57 ms, found 2 plugins.
Preloading 0 native plugins for Editor in 0.00 ms.
Mono: successfully reloaded assembly
- Completed reload, in  1.993 seconds
Platform modules already initialized, skipping
Refreshing native plugins compatible for Editor in 0.37 ms, found 2 plugins.
Preloading 0 native plugins for Editor in 0.00 ms.
Unloading 1391 Unused Serialized files (Serialized files now loaded: 0)
System memory in use before: 65.5 MB.
System memory in use after: 65.6 MB.

Unloading 14 unused Assets to reduce memory usage. Loaded Objects now: 1847.
Total: 2.469700 ms (FindLiveObjects: 0.251100 ms CreateObjectMapping: 0.074600 ms MarkObjects: 2.072200 ms  DeleteObjects: 0.069900 ms)

========================================================================
Received Prepare
Registering precompiled user dll's ...
Registered in 0.017156 seconds.
Begin MonoManager ReloadAssembly
Native extension for WindowsStandalone target not found
Native extension for WebGL target not found
Refreshing native plugins compatible for Editor in 0.41 ms, found 2 plugins.
Preloading 0 native plugins for Editor in 0.00 ms.
Mono: successfully reloaded assembly
- Completed reload, in  1.573 seconds
Platform modules already initialized, skipping
Refreshing native plugins compatible for Editor in 0.33 ms, found 2 plugins.
Preloading 0 native plugins for Editor in 0.00 ms.
Unloading 1391 Unused Serialized files (Serialized files now loaded: 0)
System memory in use before: 65.5 MB.
System memory in use after: 65.6 MB.

Unloading 14 unused Assets to reduce memory usage. Loaded Objects now: 1850.
Total: 2.870500 ms (FindLiveObjects: 0.837700 ms CreateObjectMapping: 0.073300 ms MarkObjects: 1.847700 ms  DeleteObjects: 0.110900 ms)

========================================================================
Received Prepare
Registering precompiled user dll's ...
Registered in 0.020668 seconds.
Begin MonoManager ReloadAssembly
Native extension for WindowsStandalone target not found
Native extension for WebGL target not found
Refreshing native plugins compatible for Editor in 0.64 ms, found 2 plugins.
Preloading 0 native plugins for Editor in 0.00 ms.
Mono: successfully reloaded assembly
- Completed reload, in  1.861 seconds
Platform modules already initialized, skipping
Refreshing native plugins compatible for Editor in 0.40 ms, found 2 plugins.
Preloading 0 native plugins for Editor in 0.00 ms.
Unloading 1391 Unused Serialized files (Serialized files now loaded: 0)
System memory in use before: 65.5 MB.
System memory in use after: 65.6 MB.

Unloading 14 unused Assets to reduce memory usage. Loaded Objects now: 1853.
Total: 2.605800 ms (FindLiveObjects: 0.216600 ms CreateObjectMapping: 0.163300 ms MarkObjects: 2.161900 ms  DeleteObjects: 0.062600 ms)

========================================================================
Received Prepare
Registering precompiled user dll's ...
Registered in 0.021573 seconds.
Begin MonoManager ReloadAssembly
Native extension for WindowsStandalone target not found
Native extension for WebGL target not found
Refreshing native plugins compatible for Editor in 0.51 ms, found 2 plugins.
Preloading 0 native plugins for Editor in 0.00 ms.
Mono: successfully reloaded assembly
- Completed reload, in  2.161 seconds
Platform modules already initialized, skipping
Refreshing native plugins compatible for Editor in 0.38 ms, found 2 plugins.
Preloading 0 native plugins for Editor in 0.00 ms.
Unloading 1391 Unused Serialized files (Serialized files now loaded: 0)
System memory in use before: 65.5 MB.
System memory in use after: 65.6 MB.

Unloading 14 unused Assets to reduce memory usage. Loaded Objects now: 1856.
Total: 2.216700 ms (FindLiveObjects: 0.183200 ms CreateObjectMapping: 0.056800 ms MarkObjects: 1.916500 ms  DeleteObjects: 0.058700 ms)

========================================================================
Received Prepare
Registering precompiled user dll's ...
Registered in 0.037437 seconds.
Begin MonoManager ReloadAssembly
Native extension for WindowsStandalone target not found
Native extension for WebGL target not found
Refreshing native plugins compatible for Editor in 0.35 ms, found 2 plugins.
Preloading 0 native plugins for Editor in 0.00 ms.
Mono: successfully reloaded assembly
- Completed reload, in  4.385 seconds
Platform modules already initialized, skipping
Refreshing native plugins compatible for Editor in 0.31 ms, found 2 plugins.
Preloading 0 native plugins for Editor in 0.00 ms.
Unloading 1392 Unused Serialized files (Serialized files now loaded: 0)
System memory in use before: 65.5 MB.
System memory in use after: 65.6 MB.

Unloading 14 unused Assets to reduce memory usage. Loaded Objects now: 1860.
Total: 2.243500 ms (FindLiveObjects: 0.191500 ms CreateObjectMapping: 0.043700 ms MarkObjects: 1.908500 ms  DeleteObjects: 0.098700 ms)

========================================================================
Received Prepare
Registering precompiled user dll's ...
Registered in 0.015037 seconds.
Begin MonoManager ReloadAssembly
Native extension for WindowsStandalone target not found
Native extension for WebGL target not found
Refreshing native plugins compatible for Editor in 0.33 ms, found 2 plugins.
Preloading 0 native plugins for Editor in 0.00 ms.
Mono: successfully reloaded assembly
- Completed reload, in  1.590 seconds
Platform modules already initialized, skipping
Refreshing native plugins compatible for Editor in 1.99 ms, found 2 plugins.
Preloading 0 native plugins for Editor in 0.00 ms.
Unloading 1392 Unused Serialized files (Serialized files now loaded: 0)
System memory in use before: 65.5 MB.
System memory in use after: 65.6 MB.

Unloading 14 unused Assets to reduce memory usage. Loaded Objects now: 1863.
Total: 3.085800 ms (FindLiveObjects: 0.152500 ms CreateObjectMapping: 0.050200 ms MarkObjects: 2.802700 ms  DeleteObjects: 0.078900 ms)

========================================================================
Received Import Request.
  Time since last request: 1791.484440 seconds.
  path: Assets/Dynia.crazy
  artifactKey: Guid(d3ee059f3a1848c4f90eaaf419e8a3e2) Importer(815301076,1909f56bfc062723c751e8b465ee728b)
Start importing Assets/Dynia.crazy using Guid(d3ee059f3a1848c4f90eaaf419e8a3e2) Importer(815301076,1909f56bfc062723c751e8b465ee728b)  -> (artifact id: '4a5541313896142ac235b31cdf517ced') in 0.037290 seconds
  Import took 0.040613 seconds .

========================================================================
Received Prepare
Registering precompiled user dll's ...
Registered in 0.015216 seconds.
Begin MonoManager ReloadAssembly
Native extension for WindowsStandalone target not found
Native extension for WebGL target not found
Refreshing native plugins compatible for Editor in 0.32 ms, found 2 plugins.
Preloading 0 native plugins for Editor in 0.00 ms.
Mono: successfully reloaded assembly
- Completed reload, in  1.228 seconds
Platform modules already initialized, skipping
Refreshing native plugins compatible for Editor in 0.34 ms, found 2 plugins.
Preloading 0 native plugins for Editor in 0.00 ms.
Unloading 1405 Unused Serialized files (Serialized files now loaded: 0)
System memory in use before: 67.5 MB.
System memory in use after: 67.0 MB.

Unloading 27 unused Assets to reduce memory usage. Loaded Objects now: 1866.
Total: 2.442600 ms (FindLiveObjects: 0.145100 ms CreateObjectMapping: 0.044500 ms MarkObjects: 1.870300 ms  DeleteObjects: 0.381400 ms)

========================================================================
Received Prepare
Registering precompiled user dll's ...
Registered in 0.035322 seconds.
Begin MonoManager ReloadAssembly
Native extension for WindowsStandalone target not found
Native extension for WebGL target not found
Refreshing native plugins compatible for Editor in 0.33 ms, found 2 plugins.
Preloading 0 native plugins for Editor in 0.00 ms.
Mono: successfully reloaded assembly
- Completed reload, in  1.421 seconds
Platform modules already initialized, skipping
Refreshing native plugins compatible for Editor in 0.32 ms, found 2 plugins.
Preloading 0 native plugins for Editor in 0.00 ms.
Unloading 1405 Unused Serialized files (Serialized files now loaded: 0)
System memory in use before: 67.5 MB.
System memory in use after: 67.0 MB.

Unloading 27 unused Assets to reduce memory usage. Loaded Objects now: 1869.
Total: 2.277300 ms (FindLiveObjects: 0.150900 ms CreateObjectMapping: 0.049800 ms MarkObjects: 1.706200 ms  DeleteObjects: 0.369400 ms)

========================================================================
Received Import Request.
  Time since last request: 831.533974 seconds.
  path: Assets/Scenes
  artifactKey: Guid(8fc32942eb861184484a65a92926e0d7) Importer(815301076,1909f56bfc062723c751e8b465ee728b)
Start importing Assets/Scenes using Guid(8fc32942eb861184484a65a92926e0d7) Importer(815301076,1909f56bfc062723c751e8b465ee728b)  -> (artifact id: 'f415c0a503567e9c58aade1aaf85de4c') in 0.024087 seconds
  Import took 0.028335 seconds .

========================================================================
Received Import Request.
  Time since last request: 0.002563 seconds.
  path: Assets/Scenes
  artifactKey: Guid(8fc32942eb861184484a65a92926e0d7) Importer(815301076,1909f56bfc062723c751e8b465ee728b)
Start importing Assets/Scenes using Guid(8fc32942eb861184484a65a92926e0d7) Importer(815301076,1909f56bfc062723c751e8b465ee728b)  -> (artifact id: 'f415c0a503567e9c58aade1aaf85de4c') in 0.019070 seconds
  Import took 0.024475 seconds .

========================================================================
Received Import Request.
  Time since last request: 14.211519 seconds.
  path: Assets/Scenes/NewsPaper.unity
  artifactKey: Guid(f3fc01c66b38feb448dac149d87e02f5) Importer(815301076,1909f56bfc062723c751e8b465ee728b)
Start importing Assets/Scenes/NewsPaper.unity using Guid(f3fc01c66b38feb448dac149d87e02f5) Importer(815301076,1909f56bfc062723c751e8b465ee728b)  -> (artifact id: '5c4dc01d5d99d30236ce22a4ab41cfa0') in 0.034647 seconds
  Import took 0.038418 seconds .

========================================================================
Received Import Request.
  Time since last request: 67.945280 seconds.
  path: Assets/Scenes/Game.unity
  artifactKey: Guid(e4b4b33090e7fdc47b0552126488f2aa) Importer(815301076,1909f56bfc062723c751e8b465ee728b)
Start importing Assets/Scenes/Game.unity using Guid(e4b4b33090e7fdc47b0552126488f2aa) Importer(815301076,1909f56bfc062723c751e8b465ee728b)  -> (artifact id: '03b3e1e66a613a6819e743e3ca8d6eae') in 0.021880 seconds
  Import took 0.025434 seconds .

========================================================================
Received Import Request.
  Time since last request: 11.343443 seconds.
  path: Assets/Prefabs
  artifactKey: Guid(49ed3af8fb255344ca909ef40914a163) Importer(815301076,1909f56bfc062723c751e8b465ee728b)
Start importing Assets/Prefabs using Guid(49ed3af8fb255344ca909ef40914a163) Importer(815301076,1909f56bfc062723c751e8b465ee728b)  -> (artifact id: 'fbec96b77ea0ed2db05a07b0660a17eb') in 0.022490 seconds
  Import took 0.026132 seconds .

========================================================================
Received Import Request.
  Time since last request: 4.474971 seconds.
  path: Assets/Prefabs/Canvas.prefab
  artifactKey: Guid(5e7fc006f0766f140a4a5c22ea3d82fd) Importer(815301076,1909f56bfc062723c751e8b465ee728b)
Start importing Assets/Prefabs/Canvas.prefab using Guid(5e7fc006f0766f140a4a5c22ea3d82fd) Importer(815301076,1909f56bfc062723c751e8b465ee728b)  -> (artifact id: 'bb0ca8f379a82b22a92f9bd437eb46cf') in 0.163781 seconds
  Import took 0.167871 seconds .

========================================================================
Received Import Request.
  Time since last request: 1149.702732 seconds.
  path: Assets/models/untitled.blend
  artifactKey: Guid(be594f6f784479044b52cb51355614a2) Importer(815301076,1909f56bfc062723c751e8b465ee728b)
Start importing Assets/models/untitled.blend using Guid(be594f6f784479044b52cb51355614a2) Importer(815301076,1909f56bfc062723c751e8b465ee728b)  -> (artifact id: '8617177e9e68786fde6b0a5a89ee259a') in 0.841478 seconds
  Import took 0.859177 seconds .

========================================================================
Received Import Request.
  Time since last request: 12.009339 seconds.
  path: Assets/models/untitled.blend
  artifactKey: Guid(be594f6f784479044b52cb51355614a2) Importer(815301076,1909f56bfc062723c751e8b465ee728b)
Start importing Assets/models/untitled.blend using Guid(be594f6f784479044b52cb51355614a2) Importer(815301076,1909f56bfc062723c751e8b465ee728b)  -> (artifact id: '2225321d3273e5d833823c09e602cb71') in 0.088229 seconds
  Import took 0.092001 seconds .

========================================================================
Received Import Request.
  Time since last request: 0.000432 seconds.
  path: Assets/models/Material.001.mat
  artifactKey: Guid(08bec61148f4c5a4b8b99dc4fa3bf843) Importer(815301076,1909f56bfc062723c751e8b465ee728b)
Start importing Assets/models/Material.001.mat using Guid(08bec61148f4c5a4b8b99dc4fa3bf843) Importer(815301076,1909f56bfc062723c751e8b465ee728b)  -> (artifact id: 'e819068b65440fbbb7cfe7027a688c57') in 0.093000 seconds
  Import took 0.100303 seconds .

========================================================================
Received Import Request.
  Time since last request: 1913.465043 seconds.
  path: Assets/models/untitled.blend
  artifactKey: Guid(be594f6f784479044b52cb51355614a2) Importer(815301076,1909f56bfc062723c751e8b465ee728b)
Start importing Assets/models/untitled.blend using Guid(be594f6f784479044b52cb51355614a2) Importer(815301076,1909f56bfc062723c751e8b465ee728b)  -> (artifact id: '438abc436ad5bde61532929f5b9d20c4') in 0.077135 seconds
  Import took 0.088037 seconds .

========================================================================
Received Import Request.
  Time since last request: 10.275113 seconds.
  path: Assets/models/untitled.blend
  artifactKey: Guid(be594f6f784479044b52cb51355614a2) Importer(815301076,1909f56bfc062723c751e8b465ee728b)
Start importing Assets/models/untitled.blend using Guid(be594f6f784479044b52cb51355614a2) Importer(815301076,1909f56bfc062723c751e8b465ee728b)  -> (artifact id: 'dfd75053f1a57d3c17d2174ab92c4f47') in 0.064121 seconds
  Import took 0.071497 seconds .

========================================================================
Received Import Request.
  Time since last request: 11.405575 seconds.
  path: Assets/models/untitled.blend
  artifactKey: Guid(be594f6f784479044b52cb51355614a2) Importer(815301076,1909f56bfc062723c751e8b465ee728b)
Start importing Assets/models/untitled.blend using Guid(be594f6f784479044b52cb51355614a2) Importer(815301076,1909f56bfc062723c751e8b465ee728b)  -> (artifact id: '013f9e0df474c4121d1ce5ac0f5bade7') in 0.073925 seconds
  Import took 0.078912 seconds .

========================================================================
Received Import Request.
  Time since last request: 0.000405 seconds.
  path: Assets/models/Material.002.mat
  artifactKey: Guid(6f61690d5c7798a48ad8157c9b83d02e) Importer(815301076,1909f56bfc062723c751e8b465ee728b)
Start importing Assets/models/Material.002.mat using Guid(6f61690d5c7798a48ad8157c9b83d02e) Importer(815301076,1909f56bfc062723c751e8b465ee728b)  -> (artifact id: '112b504c5f2d1fa5eb3d59029fc3e20b') in 0.052959 seconds
  Import took 0.059032 seconds .

========================================================================
Received Import Request.
  Time since last request: 0.006193 seconds.
  path: Assets/models/Material.002.mat
  artifactKey: Guid(6f61690d5c7798a48ad8157c9b83d02e) Importer(815301076,1909f56bfc062723c751e8b465ee728b)
Start importing Assets/models/Material.002.mat using Guid(6f61690d5c7798a48ad8157c9b83d02e) Importer(815301076,1909f56bfc062723c751e8b465ee728b)  -> (artifact id: '112b504c5f2d1fa5eb3d59029fc3e20b') in 0.099360 seconds
  Import took 0.103347 seconds .

========================================================================
Received Import Request.
  Time since last request: 6.833175 seconds.
  path: Assets/models
  artifactKey: Guid(84b587d2fb76e0f449af3e8dbbc26ed2) Importer(815301076,1909f56bfc062723c751e8b465ee728b)
Start importing Assets/models using Guid(84b587d2fb76e0f449af3e8dbbc26ed2) Importer(815301076,1909f56bfc062723c751e8b465ee728b)  -> (artifact id: '48e8b09b3c2a22293ce20a0499aa9c73') in 0.022121 seconds
  Import took 0.025074 seconds .

========================================================================
Received Import Request.
  Time since last request: 2.252580 seconds.
  path: Assets/IMG/teksturadrewna4.png
  artifactKey: Guid(fb52d2562e04aca46a253f9b9cf1021b) Importer(815301076,1909f56bfc062723c751e8b465ee728b)
Start importing Assets/IMG/teksturadrewna4.png using Guid(fb52d2562e04aca46a253f9b9cf1021b) Importer(815301076,1909f56bfc062723c751e8b465ee728b)  -> (artifact id: 'd8d944967748e08c18e6c597d61e162c') in 0.186070 seconds
  Import took 0.192618 seconds .

========================================================================
Received Import Request.
  Time since last request: 0.509506 seconds.
  path: Assets/IMG
  artifactKey: Guid(cc5e6d5a06111de4a8eb8e026eee91ef) Importer(815301076,1909f56bfc062723c751e8b465ee728b)
Start importing Assets/IMG using Guid(cc5e6d5a06111de4a8eb8e026eee91ef) Importer(815301076,1909f56bfc062723c751e8b465ee728b)  -> (artifact id: '906bc2426a0b6b3a3a8f41381764da6e') in 0.024165 seconds
  Import took 0.027873 seconds .

========================================================================
Received Import Request.
  Time since last request: 20.881679 seconds.
  path: Assets/IMG/273.png
  artifactKey: Guid(c8aface5789010040a720f86cbda229b) Importer(815301076,1909f56bfc062723c751e8b465ee728b)
Start importing Assets/IMG/273.png using Guid(c8aface5789010040a720f86cbda229b) Importer(815301076,1909f56bfc062723c751e8b465ee728b)  -> (artifact id: '8addb2b34307f0c02d981c68b03bdfa5') in 0.071869 seconds
  Import took 0.077757 seconds .

========================================================================
Received Import Request.
  Time since last request: 8.378636 seconds.
  path: Assets/IMG/273.png
  artifactKey: Guid(c8aface5789010040a720f86cbda229b) Importer(815301076,1909f56bfc062723c751e8b465ee728b)
Start importing Assets/IMG/273.png using Guid(c8aface5789010040a720f86cbda229b) Importer(815301076,1909f56bfc062723c751e8b465ee728b)  -> (artifact id: 'b7a0e61cb9f72b49cbb86022c7804c5a') in 0.037797 seconds
  Import took 0.041879 seconds .

========================================================================
Received Import Request.
  Time since last request: 141.316550 seconds.
  path: Assets/materials
  artifactKey: Guid(01e685c57d34d584d99c05c64141ec5b) Importer(815301076,1909f56bfc062723c751e8b465ee728b)
Start importing Assets/materials using Guid(01e685c57d34d584d99c05c64141ec5b) Importer(815301076,1909f56bfc062723c751e8b465ee728b)  -> (artifact id: 'd641ac4d90f3ab7d2f9cfcc98c1477d4') in 0.023625 seconds
  Import took 0.026626 seconds .

========================================================================
Received Import Request.
  Time since last request: 8.514390 seconds.
  path: Assets/materials/typowe.mat
  artifactKey: Guid(e6f189da0b9ec094a865d2a7de5b1701) Importer(815301076,1909f56bfc062723c751e8b465ee728b)
Start importing Assets/materials/typowe.mat using Guid(e6f189da0b9ec094a865d2a7de5b1701) Importer(815301076,1909f56bfc062723c751e8b465ee728b)  -> (artifact id: 'c165f5147a3378d37c3dfbe7ef585e2d') in 0.045952 seconds
  Import took 0.049810 seconds .

========================================================================
Received Import Request.
  Time since last request: 154.395122 seconds.
  path: Assets/materials/Ściany.mat
  artifactKey: Guid(75c2d84c995c00e409cf98a1b1d4fa3e) Importer(815301076,1909f56bfc062723c751e8b465ee728b)
Start importing Assets/materials/Ściany.mat using Guid(75c2d84c995c00e409cf98a1b1d4fa3e) Importer(815301076,1909f56bfc062723c751e8b465ee728b)  -> (artifact id: '8438379d9caddc511d80134700358edf') in 0.044355 seconds
  Import took 0.048552 seconds .

========================================================================
Received Import Request.
  Time since last request: 213.699259 seconds.
  path: Assets/materials/typowe.mat
  artifactKey: Guid(e6f189da0b9ec094a865d2a7de5b1701) Importer(815301076,1909f56bfc062723c751e8b465ee728b)
Start importing Assets/materials/typowe.mat using Guid(e6f189da0b9ec094a865d2a7de5b1701) Importer(815301076,1909f56bfc062723c751e8b465ee728b)  -> (artifact id: 'b31b8b564bb2381778f8ead2bc7a9836') in 0.068113 seconds
  Import took 0.072351 seconds .

========================================================================
Received Import Request.
  Time since last request: 0.000352 seconds.
  path: Assets/materials/Ściany.mat
  artifactKey: Guid(75c2d84c995c00e409cf98a1b1d4fa3e) Importer(815301076,1909f56bfc062723c751e8b465ee728b)
Start importing Assets/materials/Ściany.mat using Guid(75c2d84c995c00e409cf98a1b1d4fa3e) Importer(815301076,1909f56bfc062723c751e8b465ee728b)  -> (artifact id: '8f69e309c6cc7827156290cdd52f03b3') in 0.041040 seconds
  Import took 0.044603 seconds .

========================================================================
Received Import Request.
  Time since last request: 0.004776 seconds.
  path: Assets/materials/Ściany.mat
  artifactKey: Guid(75c2d84c995c00e409cf98a1b1d4fa3e) Importer(815301076,1909f56bfc062723c751e8b465ee728b)
Start importing Assets/materials/Ściany.mat using Guid(75c2d84c995c00e409cf98a1b1d4fa3e) Importer(815301076,1909f56bfc062723c751e8b465ee728b)  -> (artifact id: '8f69e309c6cc7827156290cdd52f03b3') in 0.041807 seconds
  Import took 0.046279 seconds .

========================================================================
Received Import Request.
  Time since last request: 11.249855 seconds.
  path: Assets/Scripts/Gracz
  artifactKey: Guid(6079adc27ea7fba40bc44e3d7f51a21b) Importer(815301076,1909f56bfc062723c751e8b465ee728b)
Start importing Assets/Scripts/Gracz using Guid(6079adc27ea7fba40bc44e3d7f51a21b) Importer(815301076,1909f56bfc062723c751e8b465ee728b)  -> (artifact id: '420592b37152d85a8f84cbd56b31e7fc') in 0.024627 seconds
  Import took 0.029217 seconds .

========================================================================
Received Import Request.
  Time since last request: 169.167501 seconds.
  path: Assets/Scripts/FNAF 2 Mobile Remaster - Main Menu Theme.mp3
  artifactKey: Guid(c5685c51e85846347b7ad65c93404fed) Importer(815301076,1909f56bfc062723c751e8b465ee728b)
Start importing Assets/Scripts/FNAF 2 Mobile Remaster - Main Menu Theme.mp3 using Guid(c5685c51e85846347b7ad65c93404fed) Importer(815301076,1909f56bfc062723c751e8b465ee728b)  -> (artifact id: '69f7e8f72a9a33a9e6aed892a0bdd7a1') in 0.407116 seconds
  Import took 0.420033 seconds .

========================================================================
Received Import Request.
  Time since last request: 20.708846 seconds.
  path: Assets/Audio
  artifactKey: Guid(55dc3e9368c370c41abdf0767be70b24) Importer(815301076,1909f56bfc062723c751e8b465ee728b)
Start importing Assets/Audio using Guid(55dc3e9368c370c41abdf0767be70b24) Importer(815301076,1909f56bfc062723c751e8b465ee728b)  -> (artifact id: '8574597ddf0936d0cbfbdc155e14dcd1') in 0.022589 seconds
  Import took 0.025386 seconds .

========================================================================
Received Import Request.
  Time since last request: 32.577374 seconds.
  path: Assets/Audio/FNAF 2 Mobile Remaster - Main Menu Theme.mp3
  artifactKey: Guid(c5685c51e85846347b7ad65c93404fed) Importer(815301076,1909f56bfc062723c751e8b465ee728b)
Start importing Assets/Audio/FNAF 2 Mobile Remaster - Main Menu Theme.mp3 using Guid(c5685c51e85846347b7ad65c93404fed) Importer(815301076,1909f56bfc062723c751e8b465ee728b)  -> (artifact id: 'ad89a36ff6704835267b6e33e513262c') in 0.091701 seconds
  Import took 0.100899 seconds .

========================================================================
Received Import Request.
  Time since last request: 14.309467 seconds.
  path: Assets/Audio/Mixer.mixer
  artifactKey: Guid(37b3035a39b593a4a9e05be6082b6e09) Importer(815301076,1909f56bfc062723c751e8b465ee728b)
Start importing Assets/Audio/Mixer.mixer using Guid(37b3035a39b593a4a9e05be6082b6e09) Importer(815301076,1909f56bfc062723c751e8b465ee728b)  -> (artifact id: 'e51746bbc8263f39030da9daa94778fd') in 0.027989 seconds
  Import took 0.031346 seconds .

========================================================================
Received Import Request.
  Time since last request: 36.377583 seconds.
  path: Assets/Scenes/SampleScene.unity
  artifactKey: Guid(9fc0d4010bbf28b4594072e72b8655ab) Importer(815301076,1909f56bfc062723c751e8b465ee728b)
Start importing Assets/Scenes/SampleScene.unity using Guid(9fc0d4010bbf28b4594072e72b8655ab) Importer(815301076,1909f56bfc062723c751e8b465ee728b)  -> (artifact id: '4462cae9b55df5bfb95ad54e473a374f') in 0.024344 seconds
  Import took 0.028262 seconds .

========================================================================
Received Prepare
Registering precompiled user dll's ...
Registered in 0.046682 seconds.
Begin MonoManager ReloadAssembly
Native extension for WindowsStandalone target not found
Native extension for WebGL target not found
Refreshing native plugins compatible for Editor in 0.35 ms, found 2 plugins.
Preloading 0 native plugins for Editor in 0.00 ms.
Mono: successfully reloaded assembly
- Completed reload, in  1.974 seconds
Platform modules already initialized, skipping
Refreshing native plugins compatible for Editor in 0.38 ms, found 2 plugins.
Preloading 0 native plugins for Editor in 0.00 ms.
Unloading 1405 Unused Serialized files (Serialized files now loaded: 0)
System memory in use before: 71.2 MB.
System memory in use after: 70.7 MB.

Unloading 30 unused Assets to reduce memory usage. Loaded Objects now: 1921.
Total: 2.807300 ms (FindLiveObjects: 0.161900 ms CreateObjectMapping: 0.052200 ms MarkObjects: 1.834200 ms  DeleteObjects: 0.757800 ms)

========================================================================
Received Prepare
Registering precompiled user dll's ...
Registered in 0.030503 seconds.
Begin MonoManager ReloadAssembly
Native extension for WindowsStandalone target not found
Native extension for WebGL target not found
Refreshing native plugins compatible for Editor in 0.45 ms, found 2 plugins.
Preloading 0 native plugins for Editor in 0.00 ms.
Mono: successfully reloaded assembly
- Completed reload, in  1.578 seconds
Platform modules already initialized, skipping
Refreshing native plugins compatible for Editor in 0.38 ms, found 2 plugins.
Preloading 0 native plugins for Editor in 0.00 ms.
Unloading 1405 Unused Serialized files (Serialized files now loaded: 0)
System memory in use before: 71.2 MB.
System memory in use after: 70.7 MB.

Unloading 27 unused Assets to reduce memory usage. Loaded Objects now: 1924.
Total: 3.304900 ms (FindLiveObjects: 0.228700 ms CreateObjectMapping: 0.066300 ms MarkObjects: 2.605400 ms  DeleteObjects: 0.403000 ms)

========================================================================
Received Prepare
Registering precompiled user dll's ...
Registered in 0.029361 seconds.
Begin MonoManager ReloadAssembly
Native extension for WindowsStandalone target not found
Native extension for WebGL target not found
Refreshing native plugins compatible for Editor in 0.55 ms, found 2 plugins.
Preloading 0 native plugins for Editor in 0.00 ms.
Mono: successfully reloaded assembly
- Completed reload, in  1.942 seconds
Platform modules already initialized, skipping
Refreshing native plugins compatible for Editor in 0.36 ms, found 2 plugins.
Preloading 0 native plugins for Editor in 0.00 ms.
Unloading 1405 Unused Serialized files (Serialized files now loaded: 0)
System memory in use before: 71.3 MB.
System memory in use after: 70.7 MB.

Unloading 27 unused Assets to reduce memory usage. Loaded Objects now: 1927.
Total: 3.531200 ms (FindLiveObjects: 0.263200 ms CreateObjectMapping: 0.177900 ms MarkObjects: 2.660300 ms  DeleteObjects: 0.427900 ms)

========================================================================
Received Import Request.
  Time since last request: 399.376542 seconds.
  path: Assets/Audio/Mixer.mixer
  artifactKey: Guid(37b3035a39b593a4a9e05be6082b6e09) Importer(815301076,1909f56bfc062723c751e8b465ee728b)
Start importing Assets/Audio/Mixer.mixer using Guid(37b3035a39b593a4a9e05be6082b6e09) Importer(815301076,1909f56bfc062723c751e8b465ee728b)  -> (artifact id: 'a74e63f40cd68c9d5818915332360e7d') in 0.039068 seconds
  Import took 0.042392 seconds .

========================================================================
Received Prepare
Registering precompiled user dll's ...
Registered in 0.023732 seconds.
Begin MonoManager ReloadAssembly
Native extension for WindowsStandalone target not found
Native extension for WebGL target not found
Refreshing native plugins compatible for Editor in 0.65 ms, found 2 plugins.
Preloading 0 native plugins for Editor in 0.00 ms.
Mono: successfully reloaded assembly
- Completed reload, in  1.907 seconds
Platform modules already initialized, skipping
Refreshing native plugins compatible for Editor in 0.36 ms, found 2 plugins.
Preloading 0 native plugins for Editor in 0.00 ms.
Unloading 1405 Unused Serialized files (Serialized files now loaded: 0)
System memory in use before: 71.3 MB.
System memory in use after: 70.7 MB.

Unloading 27 unused Assets to reduce memory usage. Loaded Objects now: 1930.
Total: 2.700900 ms (FindLiveObjects: 0.246400 ms CreateObjectMapping: 0.107800 ms MarkObjects: 1.981000 ms  DeleteObjects: 0.364300 ms)

========================================================================
Received Import Request.
  Time since last request: 21.834907 seconds.
  path: Assets/Scenes/NewsPaper.unity
  artifactKey: Guid(f3fc01c66b38feb448dac149d87e02f5) Importer(815301076,1909f56bfc062723c751e8b465ee728b)
Start importing Assets/Scenes/NewsPaper.unity using Guid(f3fc01c66b38feb448dac149d87e02f5) Importer(815301076,1909f56bfc062723c751e8b465ee728b)  -> (artifact id: '09fa31cd8b942def6885605769ee5f80') in 0.053701 seconds
  Import took 0.057917 seconds .

========================================================================
Received Import Request.
  Time since last request: 9.334196 seconds.
  path: Assets/Prefabs/Canvas.prefab
  artifactKey: Guid(5e7fc006f0766f140a4a5c22ea3d82fd) Importer(815301076,1909f56bfc062723c751e8b465ee728b)
Start importing Assets/Prefabs/Canvas.prefab using Guid(5e7fc006f0766f140a4a5c22ea3d82fd) Importer(815301076,1909f56bfc062723c751e8b465ee728b)  -> (artifact id: '5d9669a39d7a29c8900dd8d539abada1') in 0.061968 seconds
  Import took 0.065919 seconds .

========================================================================
Received Prepare
Registering precompiled user dll's ...
Registered in 0.011526 seconds.
Begin MonoManager ReloadAssembly
Native extension for WindowsStandalone target not found
Native extension for WebGL target not found
Refreshing native plugins compatible for Editor in 0.41 ms, found 2 plugins.
Preloading 0 native plugins for Editor in 0.00 ms.
Mono: successfully reloaded assembly
- Completed reload, in  2.083 seconds
Platform modules already initialized, skipping
Refreshing native plugins compatible for Editor in 0.38 ms, found 2 plugins.
Preloading 0 native plugins for Editor in 0.00 ms.
Unloading 1408 Unused Serialized files (Serialized files now loaded: 0)
System memory in use before: 71.6 MB.
System memory in use after: 70.9 MB.

Unloading 31 unused Assets to reduce memory usage. Loaded Objects now: 1935.
Total: 2.485100 ms (FindLiveObjects: 0.250600 ms CreateObjectMapping: 0.059500 ms MarkObjects: 1.780900 ms  DeleteObjects: 0.393100 ms)

========================================================================
Received Import Request.
  Time since last request: 120.592981 seconds.
  path: Assets/FirstPersion AIO Pack
  artifactKey: Guid(f85baff64500d1c4b92b433e7ad93c90) Importer(815301076,1909f56bfc062723c751e8b465ee728b)
Start importing Assets/FirstPersion AIO Pack using Guid(f85baff64500d1c4b92b433e7ad93c90) Importer(815301076,1909f56bfc062723c751e8b465ee728b)  -> (artifact id: 'b6fe568cf9138611849cdff2e8ef7c60') in 0.025381 seconds
  Import took 0.028598 seconds .

========================================================================
Received Import Request.
  Time since last request: 2.718406 seconds.
  path: Assets/FirstPersion AIO Pack/FirstPersonAIO
  artifactKey: Guid(4e8e8b0393bf92341b3d06aca6eb6993) Importer(815301076,1909f56bfc062723c751e8b465ee728b)
Start importing Assets/FirstPersion AIO Pack/FirstPersonAIO using Guid(4e8e8b0393bf92341b3d06aca6eb6993) Importer(815301076,1909f56bfc062723c751e8b465ee728b)  -> (artifact id: '4004ee61c7993f9a2f81d5739cb69455') in 0.019145 seconds
  Import took 0.021994 seconds .

========================================================================
Received Import Request.
  Time since last request: 0.058342 seconds.
  path: Assets/FirstPersion AIO Pack/FirstPersonAIO/FirstPerson-AIO.prefab
  artifactKey: Guid(2e62f5703e5f8d2488a5e1bc8433be41) Importer(815301076,1909f56bfc062723c751e8b465ee728b)
Start importing Assets/FirstPersion AIO Pack/FirstPersonAIO/FirstPerson-AIO.prefab using Guid(2e62f5703e5f8d2488a5e1bc8433be41) Importer(815301076,1909f56bfc062723c751e8b465ee728b)  -> (artifact id: 'b4bca4a0833613e03ef07c788d38ef4b') in 0.111141 seconds
  Import took 0.116215 seconds .

========================================================================
Received Prepare
Registering precompiled user dll's ...
Registered in 0.017575 seconds.
Begin MonoManager ReloadAssembly
Native extension for WindowsStandalone target not found
Native extension for WebGL target not found
Refreshing native plugins compatible for Editor in 0.43 ms, found 2 plugins.
Preloading 0 native plugins for Editor in 0.00 ms.
Mono: successfully reloaded assembly
- Completed reload, in  2.025 seconds
Platform modules already initialized, skipping
Refreshing native plugins compatible for Editor in 0.35 ms, found 2 plugins.
Preloading 0 native plugins for Editor in 0.00 ms.
Unloading 1408 Unused Serialized files (Serialized files now loaded: 0)
System memory in use before: 71.6 MB.
System memory in use after: 71.0 MB.

Unloading 28 unused Assets to reduce memory usage. Loaded Objects now: 1938.
Total: 3.017300 ms (FindLiveObjects: 0.256500 ms CreateObjectMapping: 0.065100 ms MarkObjects: 2.229200 ms  DeleteObjects: 0.465300 ms)

========================================================================
Received Prepare
Registering precompiled user dll's ...
Registered in 0.045903 seconds.
Begin MonoManager ReloadAssembly
Native extension for WindowsStandalone target not found
Native extension for WebGL target not found
Refreshing native plugins compatible for Editor in 0.47 ms, found 2 plugins.
Preloading 0 native plugins for Editor in 0.00 ms.
Mono: successfully reloaded assembly
- Completed reload, in  4.486 seconds
Platform modules already initialized, skipping
Refreshing native plugins compatible for Editor in 0.59 ms, found 2 plugins.
Preloading 0 native plugins for Editor in 0.00 ms.
Unloading 1408 Unused Serialized files (Serialized files now loaded: 0)
System memory in use before: 71.6 MB.
System memory in use after: 71.0 MB.

Unloading 28 unused Assets to reduce memory usage. Loaded Objects now: 1941.
Total: 16.871500 ms (FindLiveObjects: 0.185600 ms CreateObjectMapping: 0.177500 ms MarkObjects: 16.089700 ms  DeleteObjects: 0.416300 ms)

========================================================================
Received Prepare
Registering precompiled user dll's ...
Registered in 0.022357 seconds.
Begin MonoManager ReloadAssembly
Native extension for WindowsStandalone target not found
Native extension for WebGL target not found
Refreshing native plugins compatible for Editor in 0.61 ms, found 2 plugins.
Preloading 0 native plugins for Editor in 0.00 ms.
Mono: successfully reloaded assembly
- Completed reload, in  1.960 seconds
Platform modules already initialized, skipping
Refreshing native plugins compatible for Editor in 0.37 ms, found 2 plugins.
Preloading 0 native plugins for Editor in 0.00 ms.
Unloading 1408 Unused Serialized files (Serialized files now loaded: 0)
System memory in use before: 71.6 MB.
System memory in use after: 71.0 MB.

Unloading 28 unused Assets to reduce memory usage. Loaded Objects now: 1944.
Total: 2.702800 ms (FindLiveObjects: 0.181100 ms CreateObjectMapping: 0.055900 ms MarkObjects: 1.968700 ms  DeleteObjects: 0.495700 ms)

========================================================================
Received Import Request.
  Time since last request: 370.695299 seconds.
  path: Assets/Scripts/Stół.cs
  artifactKey: Guid(a7377f070b958a3428dcf41f9403852c) Importer(815301076,1909f56bfc062723c751e8b465ee728b)
Start importing Assets/Scripts/Stół.cs using Guid(a7377f070b958a3428dcf41f9403852c) Importer(815301076,1909f56bfc062723c751e8b465ee728b)  -> (artifact id: '161d7801972e8262ff4fd10f18e65360') in 0.044262 seconds
  Import took 0.047476 seconds .

========================================================================
Received Prepare
Registering precompiled user dll's ...
Registered in 0.024540 seconds.
Begin MonoManager ReloadAssembly
Native extension for WindowsStandalone target not found
Native extension for WebGL target not found
Refreshing native plugins compatible for Editor in 0.38 ms, found 2 plugins.
Preloading 0 native plugins for Editor in 0.00 ms.
Mono: successfully reloaded assembly
- Completed reload, in  1.461 seconds
Platform modules already initialized, skipping
Refreshing native plugins compatible for Editor in 0.33 ms, found 2 plugins.
Preloading 0 native plugins for Editor in 0.00 ms.
Unloading 1409 Unused Serialized files (Serialized files now loaded: 0)
System memory in use before: 71.7 MB.
System memory in use after: 71.1 MB.

Unloading 28 unused Assets to reduce memory usage. Loaded Objects now: 1948.
Total: 2.609400 ms (FindLiveObjects: 0.154400 ms CreateObjectMapping: 0.071300 ms MarkObjects: 1.957100 ms  DeleteObjects: 0.425500 ms)

========================================================================
Received Prepare
Registering precompiled user dll's ...
Registered in 0.020170 seconds.
Begin MonoManager ReloadAssembly
Native extension for WindowsStandalone target not found
Native extension for WebGL target not found
Refreshing native plugins compatible for Editor in 0.33 ms, found 2 plugins.
Preloading 0 native plugins for Editor in 0.00 ms.
Mono: successfully reloaded assembly
- Completed reload, in  1.332 seconds
Platform modules already initialized, skipping
Refreshing native plugins compatible for Editor in 0.33 ms, found 2 plugins.
Preloading 0 native plugins for Editor in 0.00 ms.
Unloading 1409 Unused Serialized files (Serialized files now loaded: 0)
System memory in use before: 71.7 MB.
System memory in use after: 71.1 MB.

Unloading 28 unused Assets to reduce memory usage. Loaded Objects now: 1951.
Total: 2.868000 ms (FindLiveObjects: 0.291100 ms CreateObjectMapping: 0.062000 ms MarkObjects: 2.088600 ms  DeleteObjects: 0.422600 ms)

========================================================================
Received Import Request.
  Time since last request: 174.893679 seconds.
  path: Assets/Scripts/Stół.cs
  artifactKey: Guid(a7377f070b958a3428dcf41f9403852c) Importer(815301076,1909f56bfc062723c751e8b465ee728b)
Start importing Assets/Scripts/Stół.cs using Guid(a7377f070b958a3428dcf41f9403852c) Importer(815301076,1909f56bfc062723c751e8b465ee728b)  -> (artifact id: '603f2aa1db1c275d3c9e2eef1da486b1') in 0.019831 seconds
  Import took 0.022432 seconds .

========================================================================
Received Import Request.
  Time since last request: 45.098409 seconds.
  path: Assets/FirstPersion AIO Pack/DemoScene/Working Textures/Reticle.png
  artifactKey: Guid(7fa7752f7f2a3fc4fbc2bcaea5671e2d) Importer(815301076,1909f56bfc062723c751e8b465ee728b)
Start importing Assets/FirstPersion AIO Pack/DemoScene/Working Textures/Reticle.png using Guid(7fa7752f7f2a3fc4fbc2bcaea5671e2d) Importer(815301076,1909f56bfc062723c751e8b465ee728b)  -> (artifact id: '60f1ce469718f503976385a7d4bfe538') in 0.116791 seconds
  Import took 0.121440 seconds .

========================================================================
Received Import Request.
  Time since last request: 23.736712 seconds.
  path: Assets/IMG/273 — kopia.png
  artifactKey: Guid(7ae57952ae25fa14994b4f11426ff8d0) Importer(815301076,1909f56bfc062723c751e8b465ee728b)
Start importing Assets/IMG/273 — kopia.png using Guid(7ae57952ae25fa14994b4f11426ff8d0) Importer(815301076,1909f56bfc062723c751e8b465ee728b)  -> (artifact id: '44bf0be9144f57d0c116627beba90548') in 0.095536 seconds
  Import took 0.100089 seconds .

========================================================================
Received Import Request.
  Time since last request: 9.043121 seconds.
  path: Assets/IMG/273 — kopia.png
  artifactKey: Guid(7ae57952ae25fa14994b4f11426ff8d0) Importer(815301076,1909f56bfc062723c751e8b465ee728b)
Start importing Assets/IMG/273 — kopia.png using Guid(7ae57952ae25fa14994b4f11426ff8d0) Importer(815301076,1909f56bfc062723c751e8b465ee728b)  -> (artifact id: '81afc1713edc7e2118dd992c607d8c12') in 0.056201 seconds
  Import took 0.059556 seconds .

========================================================================
Received Prepare
Registering precompiled user dll's ...
Registered in 0.060224 seconds.
Begin MonoManager ReloadAssembly
Native extension for WindowsStandalone target not found
Native extension for WebGL target not found
Refreshing native plugins compatible for Editor in 0.44 ms, found 2 plugins.
Preloading 0 native plugins for Editor in 0.00 ms.
Mono: successfully reloaded assembly
- Completed reload, in  1.659 seconds
Platform modules already initialized, skipping
Refreshing native plugins compatible for Editor in 0.50 ms, found 2 plugins.
Preloading 0 native plugins for Editor in 0.00 ms.
Unloading 1409 Unused Serialized files (Serialized files now loaded: 0)
System memory in use before: 71.7 MB.
System memory in use after: 71.1 MB.

Unloading 28 unused Assets to reduce memory usage. Loaded Objects now: 1959.
Total: 2.922500 ms (FindLiveObjects: 0.179800 ms CreateObjectMapping: 0.048800 ms MarkObjects: 2.228200 ms  DeleteObjects: 0.464000 ms)

========================================================================
Received Prepare
Registering precompiled user dll's ...
Registered in 0.023348 seconds.
Begin MonoManager ReloadAssembly
Native extension for WindowsStandalone target not found
Native extension for WebGL target not found
Refreshing native plugins compatible for Editor in 0.41 ms, found 2 plugins.
Preloading 0 native plugins for Editor in 0.00 ms.
Mono: successfully reloaded assembly
- Completed reload, in  4.497 seconds
Platform modules already initialized, skipping
Refreshing native plugins compatible for Editor in 0.43 ms, found 2 plugins.
Preloading 0 native plugins for Editor in 0.00 ms.
Unloading 1409 Unused Serialized files (Serialized files now loaded: 0)
System memory in use before: 71.7 MB.
System memory in use after: 71.1 MB.

Unloading 28 unused Assets to reduce memory usage. Loaded Objects now: 1962.
Total: 7.527800 ms (FindLiveObjects: 0.473600 ms CreateObjectMapping: 0.504500 ms MarkObjects: 5.873700 ms  DeleteObjects: 0.674000 ms)

========================================================================
Received Prepare
Registering precompiled user dll's ...
Registered in 0.018356 seconds.
Begin MonoManager ReloadAssembly
Native extension for WindowsStandalone target not found
Native extension for WebGL target not found
Refreshing native plugins compatible for Editor in 0.36 ms, found 2 plugins.
Preloading 0 native plugins for Editor in 0.00 ms.
Mono: successfully reloaded assembly
- Completed reload, in  1.811 seconds
Platform modules already initialized, skipping
Refreshing native plugins compatible for Editor in 0.33 ms, found 2 plugins.
Preloading 0 native plugins for Editor in 0.00 ms.
Unloading 1409 Unused Serialized files (Serialized files now loaded: 0)
System memory in use before: 71.7 MB.
System memory in use after: 71.1 MB.

Unloading 28 unused Assets to reduce memory usage. Loaded Objects now: 1965.
Total: 2.340300 ms (FindLiveObjects: 0.163700 ms CreateObjectMapping: 0.050500 ms MarkObjects: 1.748700 ms  DeleteObjects: 0.376300 ms)

========================================================================
Received Prepare
Registering precompiled user dll's ...
Registered in 0.016913 seconds.
Begin MonoManager ReloadAssembly
Native extension for WindowsStandalone target not found
Native extension for WebGL target not found
Refreshing native plugins compatible for Editor in 0.43 ms, found 2 plugins.
Preloading 0 native plugins for Editor in 0.00 ms.
Mono: successfully reloaded assembly
- Completed reload, in  2.803 seconds
Platform modules already initialized, skipping
Refreshing native plugins compatible for Editor in 0.37 ms, found 2 plugins.
Preloading 0 native plugins for Editor in 0.00 ms.
Unloading 1409 Unused Serialized files (Serialized files now loaded: 0)
System memory in use before: 71.7 MB.
System memory in use after: 71.1 MB.

Unloading 28 unused Assets to reduce memory usage. Loaded Objects now: 1968.
Total: 10.939800 ms (FindLiveObjects: 1.826700 ms CreateObjectMapping: 1.275400 ms MarkObjects: 7.439100 ms  DeleteObjects: 0.396800 ms)

========================================================================
Received Prepare
Registering precompiled user dll's ...
Registered in 0.026362 seconds.
Begin MonoManager ReloadAssembly
Native extension for WindowsStandalone target not found
Native extension for WebGL target not found
Refreshing native plugins compatible for Editor in 0.49 ms, found 2 plugins.
Preloading 0 native plugins for Editor in 0.00 ms.
Mono: successfully reloaded assembly
- Completed reload, in  3.027 seconds
Platform modules already initialized, skipping
Refreshing native plugins compatible for Editor in 0.38 ms, found 2 plugins.
Preloading 0 native plugins for Editor in 0.00 ms.
Unloading 1409 Unused Serialized files (Serialized files now loaded: 0)
System memory in use before: 71.7 MB.
System memory in use after: 71.1 MB.

Unloading 28 unused Assets to reduce memory usage. Loaded Objects now: 1971.
Total: 2.909700 ms (FindLiveObjects: 0.188000 ms CreateObjectMapping: 0.061100 ms MarkObjects: 2.256800 ms  DeleteObjects: 0.401800 ms)

========================================================================
Received Prepare
Registering precompiled user dll's ...
Registered in 0.020635 seconds.
Begin MonoManager ReloadAssembly
Native extension for WindowsStandalone target not found
Native extension for WebGL target not found
Refreshing native plugins compatible for Editor in 0.33 ms, found 2 plugins.
Preloading 0 native plugins for Editor in 0.00 ms.
Mono: successfully reloaded assembly
- Completed reload, in  1.379 seconds
Platform modules already initialized, skipping
Refreshing native plugins compatible for Editor in 0.33 ms, found 2 plugins.
Preloading 0 native plugins for Editor in 0.00 ms.
Unloading 1409 Unused Serialized files (Serialized files now loaded: 0)
System memory in use before: 71.7 MB.
System memory in use after: 71.1 MB.

Unloading 28 unused Assets to reduce memory usage. Loaded Objects now: 1974.
Total: 2.493500 ms (FindLiveObjects: 0.211100 ms CreateObjectMapping: 0.048700 ms MarkObjects: 1.805300 ms  DeleteObjects: 0.427300 ms)

========================================================================
Received Prepare
Registering precompiled user dll's ...
Registered in 0.018069 seconds.
Begin MonoManager ReloadAssembly
Native extension for WindowsStandalone target not found
Native extension for WebGL target not found
Refreshing native plugins compatible for Editor in 0.47 ms, found 2 plugins.
Preloading 0 native plugins for Editor in 0.00 ms.
Mono: successfully reloaded assembly
- Completed reload, in  1.962 seconds
Platform modules already initialized, skipping
Refreshing native plugins compatible for Editor in 0.81 ms, found 2 plugins.
Preloading 0 native plugins for Editor in 0.00 ms.
Unloading 1409 Unused Serialized files (Serialized files now loaded: 0)
System memory in use before: 71.7 MB.
System memory in use after: 71.1 MB.

Unloading 28 unused Assets to reduce memory usage. Loaded Objects now: 1977.
Total: 3.690600 ms (FindLiveObjects: 0.193500 ms CreateObjectMapping: 0.058300 ms MarkObjects: 2.482500 ms  DeleteObjects: 0.954400 ms)

========================================================================
Received Import Request.
  Time since last request: 1051.444094 seconds.
  path: Assets/Scenes/NewsPaper.unity
  artifactKey: Guid(f3fc01c66b38feb448dac149d87e02f5) Importer(815301076,1909f56bfc062723c751e8b465ee728b)
Start importing Assets/Scenes/NewsPaper.unity using Guid(f3fc01c66b38feb448dac149d87e02f5) Importer(815301076,1909f56bfc062723c751e8b465ee728b)  -> (artifact id: 'bbd64e761cdad130badc77e46b9433a8') in 0.036067 seconds
  Import took 0.040416 seconds .

========================================================================
Received Prepare
Registering precompiled user dll's ...
Registered in 0.017340 seconds.
Begin MonoManager ReloadAssembly
Native extension for WindowsStandalone target not found
Native extension for WebGL target not found
Refreshing native plugins compatible for Editor in 1.06 ms, found 2 plugins.
Preloading 0 native plugins for Editor in 0.00 ms.
Mono: successfully reloaded assembly
- Completed reload, in  3.481 seconds
Platform modules already initialized, skipping
Refreshing native plugins compatible for Editor in 0.63 ms, found 2 plugins.
Preloading 0 native plugins for Editor in 0.00 ms.
Unloading 1409 Unused Serialized files (Serialized files now loaded: 0)
System memory in use before: 71.7 MB.
System memory in use after: 71.1 MB.

Unloading 28 unused Assets to reduce memory usage. Loaded Objects now: 1980.
Total: 10.310000 ms (FindLiveObjects: 0.195700 ms CreateObjectMapping: 0.057400 ms MarkObjects: 9.313800 ms  DeleteObjects: 0.740900 ms)

========================================================================
Received Prepare
Registering precompiled user dll's ...
Registered in 0.023038 seconds.
Begin MonoManager ReloadAssembly
Native extension for WindowsStandalone target not found
Native extension for WebGL target not found
Refreshing native plugins compatible for Editor in 0.55 ms, found 2 plugins.
Preloading 0 native plugins for Editor in 0.00 ms.
Mono: successfully reloaded assembly
- Completed reload, in  1.916 seconds
Platform modules already initialized, skipping
Refreshing native plugins compatible for Editor in 0.43 ms, found 2 plugins.
Preloading 0 native plugins for Editor in 0.00 ms.
Unloading 1409 Unused Serialized files (Serialized files now loaded: 0)
System memory in use before: 71.7 MB.
System memory in use after: 71.1 MB.

Unloading 28 unused Assets to reduce memory usage. Loaded Objects now: 1983.
Total: 2.992500 ms (FindLiveObjects: 0.173900 ms CreateObjectMapping: 0.056300 ms MarkObjects: 2.318200 ms  DeleteObjects: 0.424000 ms)

========================================================================
Received Prepare
Registering precompiled user dll's ...
Registered in 0.075063 seconds.
Begin MonoManager ReloadAssembly
Native extension for WindowsStandalone target not found
Native extension for WebGL target not found
Refreshing native plugins compatible for Editor in 0.44 ms, found 2 plugins.
Preloading 0 native plugins for Editor in 0.00 ms.
Mono: successfully reloaded assembly
- Completed reload, in  1.326 seconds
Platform modules already initialized, skipping
Refreshing native plugins compatible for Editor in 0.33 ms, found 2 plugins.
Preloading 0 native plugins for Editor in 0.00 ms.
Unloading 1452 Unused Serialized files (Serialized files now loaded: 0)
System memory in use before: 72.8 MB.
System memory in use after: 72.2 MB.

Unloading 28 unused Assets to reduce memory usage. Loaded Objects now: 2029.
Total: 2.622500 ms (FindLiveObjects: 0.162900 ms CreateObjectMapping: 0.047500 ms MarkObjects: 1.988400 ms  DeleteObjects: 0.422400 ms)

========================================================================
Received Import Request.
  Time since last request: 373.773111 seconds.
  path: Assets/Plugins/GameJolt/GJAPISettings.asset
  artifactKey: Guid(96f881f2b1d992546a9425fa028917ac) Importer(815301076,1909f56bfc062723c751e8b465ee728b)
Start importing Assets/Plugins/GameJolt/GJAPISettings.asset using Guid(96f881f2b1d992546a9425fa028917ac) Importer(815301076,1909f56bfc062723c751e8b465ee728b)  -> (artifact id: '198e284529a071bf859998292a87bfbd') in 0.034139 seconds
  Import took 0.036669 seconds .

========================================================================
Received Import Request.
  Time since last request: 0.000354 seconds.
  path: Assets/Plugins/GameJolt
  artifactKey: Guid(9b696b31cf14e0542ba0f0d864c955dd) Importer(815301076,1909f56bfc062723c751e8b465ee728b)
Start importing Assets/Plugins/GameJolt using Guid(9b696b31cf14e0542ba0f0d864c955dd) Importer(815301076,1909f56bfc062723c751e8b465ee728b)  -> (artifact id: 'a3b11513b613bcba7a56aacebf1b60d5') in 0.015168 seconds
  Import took 0.017788 seconds .

========================================================================
Received Import Request.
  Time since last request: 22.507921 seconds.
  path: Assets/Plugins/GameJolt/Prefabs
  artifactKey: Guid(f45261ad2e969884581f5a15fe6e4b69) Importer(815301076,1909f56bfc062723c751e8b465ee728b)
Start importing Assets/Plugins/GameJolt/Prefabs using Guid(f45261ad2e969884581f5a15fe6e4b69) Importer(815301076,1909f56bfc062723c751e8b465ee728b)  -> (artifact id: 'd6b58a9a10ebb75453f8bc8b57ec892c') in 0.023011 seconds
  Import took 0.037508 seconds .

========================================================================
Received Import Request.
  Time since last request: 0.058418 seconds.
  path: Assets/Plugins/GameJolt/Prefabs/GameJoltAPI.prefab
  artifactKey: Guid(7a2e587034d846647b593aa159d7ed8d) Importer(815301076,1909f56bfc062723c751e8b465ee728b)
Start importing Assets/Plugins/GameJolt/Prefabs/GameJoltAPI.prefab using Guid(7a2e587034d846647b593aa159d7ed8d) Importer(815301076,1909f56bfc062723c751e8b465ee728b)  -> (artifact id: 'd97e3b3dd81096d65e572fd68d62d7c1') in 0.119093 seconds
  Import took 0.123308 seconds .

========================================================================
Received Import Request.
  Time since last request: 0.000617 seconds.
  path: Assets/Plugins/GameJolt/Prefabs/TableButton.prefab
  artifactKey: Guid(9e52985d8cf62ae4daad0318fe9f396d) Importer(815301076,1909f56bfc062723c751e8b465ee728b)
Start importing Assets/Plugins/GameJolt/Prefabs/TableButton.prefab using Guid(9e52985d8cf62ae4daad0318fe9f396d) Importer(815301076,1909f56bfc062723c751e8b465ee728b)  -> (artifact id: '0dfe3a90bf1f2497a51cd37aa7394408') in 0.020314 seconds
  Import took 0.024204 seconds .

========================================================================
Received Import Request.
  Time since last request: 0.000439 seconds.
  path: Assets/Plugins/GameJolt/Prefabs/ScoreItem.prefab
  artifactKey: Guid(9ea8f958f1717d94aaeea61adc37626f) Importer(815301076,1909f56bfc062723c751e8b465ee728b)
Start importing Assets/Plugins/GameJolt/Prefabs/ScoreItem.prefab using Guid(9ea8f958f1717d94aaeea61adc37626f) Importer(815301076,1909f56bfc062723c751e8b465ee728b)  -> (artifact id: 'c92bbb71e7dcf23012ab7a0ec5600500') in 0.023428 seconds
  Import took 0.027434 seconds .

========================================================================
Received Import Request.
  Time since last request: 0.000584 seconds.
  path: Assets/Plugins/GameJolt/Prefabs/TrophyItem.prefab
  artifactKey: Guid(a1002e393f8eddc479a1c827340a5748) Importer(815301076,1909f56bfc062723c751e8b465ee728b)
Start importing Assets/Plugins/GameJolt/Prefabs/TrophyItem.prefab using Guid(a1002e393f8eddc479a1c827340a5748) Importer(815301076,1909f56bfc062723c751e8b465ee728b)  -> (artifact id: '2ff4d09d612bda9abb6c3fbb807ccf8e') in 0.027445 seconds
  Import took 0.030894 seconds .

AssetImportWorkerClient::OnTransportError - code=2 error=End of file
