Using pre-set license
Built from '2020.3/staging' branch; Version is '2020.3.10f1 (297d780c91bc) revision 2719096'; Using compiler version '192528614'; Build Type 'Release'
OS: 'Windows 10 Home; OS build 18363.1556; Version 1909; 64bit' Language: 'pl' Physical Memory: 3977 MB
BatchMode: 1, IsHumanControllingUs: 0, StartBugReporterOnCrash: 0, Is64bit: 1, IsPro: 0

 COMMAND LINE ARGUMENTS:
C:\Users\Alan\Desktop\Alan\unity-gry\2020.3.10f1\Editor\Unity.exe
-adb2
-batchMode
-noUpm
-name
AssetImportWorker2
-projectPath
C:/Users/Alan/Desktop/Alan/TEST/Collab/FnaF2_V3D/FNaF 2 Ver 3d
-logFile
Logs/AssetImportWorker2.log
-srvPort
60139
Successfully changed project path to: C:/Users/Alan/Desktop/Alan/TEST/Collab/FnaF2_V3D/FNaF 2 Ver 3d
C:/Users/Alan/Desktop/Alan/TEST/Collab/FnaF2_V3D/FNaF 2 Ver 3d
Using Asset Import Pipeline V2.
Refreshing native plugins compatible for Editor in 138.90 ms, found 2 plugins.
Preloading 0 native plugins for Editor in 0.00 ms.
Initialize engine version: 2020.3.10f1 (297d780c91bc)
[Subsystems] Discovering subsystems at path C:/Users/Alan/Desktop/Alan/unity-gry/2020.3.10f1/Editor/Data/Resources/UnitySubsystems
[Subsystems] Discovering subsystems at path C:/Users/Alan/Desktop/Alan/TEST/Collab/FnaF2_V3D/FNaF 2 Ver 3d/Assets
GfxDevice: creating device client; threaded=0
Direct3D:
    Version:  Direct3D 11.0 [level 11.0]
    Renderer: Intel(R) HD Graphics (ID=0xf31)
    Vendor:   
    VRAM:     128 MB
    Driver:   10.18.10.4653
Initialize mono
Mono path[0] = 'C:/Users/Alan/Desktop/Alan/unity-gry/2020.3.10f1/Editor/Data/Managed'
Mono path[1] = 'C:/Users/Alan/Desktop/Alan/unity-gry/2020.3.10f1/Editor/Data/MonoBleedingEdge/lib/mono/unityjit'
Mono config path = 'C:/Users/Alan/Desktop/Alan/unity-gry/2020.3.10f1/Editor/Data/MonoBleedingEdge/etc'
Using monoOptions --debugger-agent=transport=dt_socket,embedding=1,server=y,suspend=n,address=127.0.0.1:56496
Begin MonoManager ReloadAssembly
Registering precompiled unity dll's ...
Register platform support module: C:/Users/Alan/Desktop/Alan/unity-gry/2020.3.10f1/Editor/Data/PlaybackEngines/WindowsStandaloneSupport/UnityEditor.WindowsStandalone.Extensions.dll
Registered in 0.099442 seconds.
Native extension for WindowsStandalone target not found
Refreshing native plugins compatible for Editor in 133.31 ms, found 2 plugins.
Preloading 0 native plugins for Editor in 0.00 ms.
Mono: successfully reloaded assembly
- Completed reload, in  9.431 seconds
Platform modules already initialized, skipping
Registering precompiled user dll's ...
Registered in 0.169949 seconds.
